<?xml version="1.0" encoding="UTF-8"?>
<testng-results skipped="0" failed="0" ignored="0" total="5" passed="5">
  <reporter-output>
  </reporter-output>
  <suite name="Command line suite" duration-ms="34113" started-at="2018-12-27T11:36:48Z" finished-at="2018-12-27T11:37:22Z">
    <groups>
    </groups>
    <test name="Command line test" duration-ms="34113" started-at="2018-12-27T11:36:48Z" finished-at="2018-12-27T11:37:22Z">
      <class name="com.test.cnqaos.testcases.AddUserTest">
        <test-method status="PASS" signature="Setup()[pri:0, instance:com.test.cnqaos.testcases.AddUserTest@4909b8da]" name="Setup" is-config="true" duration-ms="6041" started-at="2018-12-27T17:06:55Z" finished-at="2018-12-27T17:07:01Z">
          <reporter-output>
          </reporter-output>
        </test-method> <!-- Setup -->
        <test-method status="PASS" signature="Test1233()[pri:0, instance:com.test.cnqaos.testcases.AddUserTest@4909b8da]" name="Test1233" duration-ms="1" started-at="2018-12-27T17:07:01Z" finished-at="2018-12-27T17:07:01Z">
          <reporter-output>
          </reporter-output>
        </test-method> <!-- Test1233 -->
        <test-method status="PASS" signature="ClosedBrower()[pri:0, instance:com.test.cnqaos.testcases.AddUserTest@4909b8da]" name="ClosedBrower" is-config="true" duration-ms="574" started-at="2018-12-27T17:07:01Z" finished-at="2018-12-27T17:07:02Z">
          <reporter-output>
          </reporter-output>
        </test-method> <!-- ClosedBrower -->
      </class> <!-- com.test.cnqaos.testcases.AddUserTest -->
      <class name="com.test.cnqaos.testcases.LoginTest">
        <test-method status="PASS" signature="loginSetUp()[pri:0, instance:com.test.cnqaos.testcases.LoginTest@3a03464]" name="loginSetUp" is-config="true" duration-ms="5674" started-at="2018-12-27T17:07:02Z" finished-at="2018-12-27T17:07:08Z">
          <reporter-output>
          </reporter-output>
        </test-method> <!-- loginSetUp -->
        <test-method status="PASS" signature="validLoginTestCaseOne(java.lang.String, java.lang.String)[pri:1, instance:com.test.cnqaos.testcases.LoginTest@3a03464]" name="validLoginTestCaseOne" duration-ms="429" started-at="2018-12-27T17:07:08Z" data-provider="LoginData" finished-at="2018-12-27T17:07:08Z">
          <params>
            <param index="0">
              <value>
                <![CDATA[1000062]]>
              </value>
            </param>
            <param index="1">
              <value>
                <![CDATA[changemenow]]>
              </value>
            </param>
          </params>
          <reporter-output>
          </reporter-output>
        </test-method> <!-- validLoginTestCaseOne -->
        <test-method status="PASS" signature="closedBrowser()[pri:0, instance:com.test.cnqaos.testcases.LoginTest@3a03464]" name="closedBrowser" is-config="true" duration-ms="573" started-at="2018-12-27T17:07:08Z" finished-at="2018-12-27T17:07:09Z">
          <reporter-output>
          </reporter-output>
        </test-method> <!-- closedBrowser -->
        <test-method status="PASS" signature="loginSetUp()[pri:0, instance:com.test.cnqaos.testcases.LoginTest@3a03464]" name="loginSetUp" is-config="true" duration-ms="5436" started-at="2018-12-27T17:07:09Z" finished-at="2018-12-27T17:07:14Z">
          <reporter-output>
          </reporter-output>
        </test-method> <!-- loginSetUp -->
        <test-method status="PASS" signature="validLoginTestCaseOne(java.lang.String, java.lang.String)[pri:1, instance:com.test.cnqaos.testcases.LoginTest@3a03464]" name="validLoginTestCaseOne" duration-ms="405" started-at="2018-12-27T17:07:14Z" data-provider="LoginData" finished-at="2018-12-27T17:07:15Z">
          <params>
            <param index="0">
              <value>
                <![CDATA[1000061]]>
              </value>
            </param>
            <param index="1">
              <value>
                <![CDATA[changemenow]]>
              </value>
            </param>
          </params>
          <reporter-output>
          </reporter-output>
        </test-method> <!-- validLoginTestCaseOne -->
        <test-method status="PASS" signature="closedBrowser()[pri:0, instance:com.test.cnqaos.testcases.LoginTest@3a03464]" name="closedBrowser" is-config="true" duration-ms="571" started-at="2018-12-27T17:07:15Z" finished-at="2018-12-27T17:07:15Z">
          <reporter-output>
          </reporter-output>
        </test-method> <!-- closedBrowser -->
        <test-method status="PASS" signature="loginSetUp()[pri:0, instance:com.test.cnqaos.testcases.LoginTest@3a03464]" name="loginSetUp" is-config="true" duration-ms="5515" started-at="2018-12-27T17:07:15Z" finished-at="2018-12-27T17:07:21Z">
          <reporter-output>
          </reporter-output>
        </test-method> <!-- loginSetUp -->
        <test-method status="PASS" signature="validLoginTestCaseOne(java.lang.String, java.lang.String)[pri:1, instance:com.test.cnqaos.testcases.LoginTest@3a03464]" name="validLoginTestCaseOne" duration-ms="316" started-at="2018-12-27T17:07:21Z" data-provider="LoginData" finished-at="2018-12-27T17:07:21Z">
          <params>
            <param index="0">
              <value>
                <![CDATA[1111111]]>
              </value>
            </param>
            <param index="1">
              <value>
                <![CDATA[1234]]>
              </value>
            </param>
          </params>
          <reporter-output>
          </reporter-output>
        </test-method> <!-- validLoginTestCaseOne -->
        <test-method status="PASS" signature="closedBrowser()[pri:0, instance:com.test.cnqaos.testcases.LoginTest@3a03464]" name="closedBrowser" is-config="true" duration-ms="581" started-at="2018-12-27T17:07:21Z" finished-at="2018-12-27T17:07:22Z">
          <reporter-output>
          </reporter-output>
        </test-method> <!-- closedBrowser -->
      </class> <!-- com.test.cnqaos.testcases.LoginTest -->
      <class name="com.test.cnqaos.testcases.AddStudentTest">
        <test-method status="PASS" signature="studentSetUp()[pri:0, instance:com.test.cnqaos.testcases.AddStudentTest@6615435c]" name="studentSetUp" is-config="true" duration-ms="7347" started-at="2018-12-27T17:06:48Z" finished-at="2018-12-27T17:06:55Z">
          <reporter-output>
          </reporter-output>
        </test-method> <!-- studentSetUp -->
        <test-method status="PASS" signature="newtest()[pri:0, instance:com.test.cnqaos.testcases.AddStudentTest@6615435c]" name="newtest" duration-ms="1" started-at="2018-12-27T17:06:55Z" finished-at="2018-12-27T17:06:55Z">
          <reporter-output>
          </reporter-output>
        </test-method> <!-- newtest -->
      </class> <!-- com.test.cnqaos.testcases.AddStudentTest -->
    </test> <!-- Command line test -->
  </suite> <!-- Command line suite -->
</testng-results>
