<?xml version="1.0" encoding="UTF-8"?>
<!-- Generated by org.testng.reporters.JUnitXMLReporter -->
<testsuite hostname="Admin-PC" ignored="0" name="Command line test" tests="5" failures="0" timestamp="27 Dec 2018 11:37:22 GMT" time="34.113" errors="0">
  <testcase name="newtest" time="0.001" classname="com.test.cnqaos.testcases.AddStudentTest"/>
  <testcase name="Test1233" time="0.001" classname="com.test.cnqaos.testcases.AddUserTest"/>
  <testcase name="validLoginTestCaseOne" time="0.429" classname="com.test.cnqaos.testcases.LoginTest"/>
  <testcase name="validLoginTestCaseOne" time="0.405" classname="com.test.cnqaos.testcases.LoginTest"/>
  <testcase name="validLoginTestCaseOne" time="0.316" classname="com.test.cnqaos.testcases.LoginTest"/>
</testsuite> <!-- Command line test -->
